[debug] [2026-01-04T15:15:12.889Z] ----------------------------------------------------------------------
[debug] [2026-01-04T15:15:12.893Z] Command:       /Users/bradleybaker/.nvm/versions/node/v22.16.0/bin/node /Users/bradleybaker/.nvm/versions/node/v22.16.0/bin/firebase deploy
[debug] [2026-01-04T15:15:12.893Z] CLI Version:   15.1.0
[debug] [2026-01-04T15:15:12.893Z] Platform:      darwin
[debug] [2026-01-04T15:15:12.894Z] Node Version:  v22.16.0
[debug] [2026-01-04T15:15:12.894Z] Time:          Sun Jan 04 2026 17:15:12 GMT+0200 (South Africa Standard Time)
[debug] [2026-01-04T15:15:12.894Z] ----------------------------------------------------------------------
[debug] 
[debug] [2026-01-04T15:15:13.824Z] > command requires scopes: ["email","openid","https://www.googleapis.com/auth/cloudplatformprojects.readonly","https://www.googleapis.com/auth/firebase","https://www.googleapis.com/auth/cloud-platform"]
[debug] [2026-01-04T15:15:13.824Z] > authorizing via signed-in user (bradsgbaker14@gmail.com)
[debug] [2026-01-04T15:15:13.825Z] [iam] checking project thecrookedfence-7aea9 for permissions ["cloudfunctions.functions.create","cloudfunctions.functions.delete","cloudfunctions.functions.get","cloudfunctions.functions.list","cloudfunctions.functions.update","cloudfunctions.operations.get","firebase.projects.get","firebasehosting.sites.update"]
[debug] [2026-01-04T15:15:13.825Z] Checked if tokens are valid: false, expires at: 1767521079345
[debug] [2026-01-04T15:15:13.825Z] Checked if tokens are valid: false, expires at: 1767521079345
[debug] [2026-01-04T15:15:13.825Z] > refreshing access token with scopes: []
[debug] [2026-01-04T15:15:13.827Z] >>> [apiv2][query] POST https://www.googleapis.com/oauth2/v3/token [none]
[debug] [2026-01-04T15:15:13.827Z] >>> [apiv2][body] POST https://www.googleapis.com/oauth2/v3/token [omitted]
[debug] [2026-01-04T15:15:14.348Z] <<< [apiv2][status] POST https://www.googleapis.com/oauth2/v3/token 200
[debug] [2026-01-04T15:15:14.348Z] <<< [apiv2][body] POST https://www.googleapis.com/oauth2/v3/token [omitted]
[debug] [2026-01-04T15:15:14.374Z] >>> [apiv2][query] POST https://cloudresourcemanager.googleapis.com/v1/projects/thecrookedfence-7aea9:testIamPermissions [none]
[debug] [2026-01-04T15:15:14.374Z] >>> [apiv2][(partial)header] POST https://cloudresourcemanager.googleapis.com/v1/projects/thecrookedfence-7aea9:testIamPermissions x-goog-quota-user=projects/thecrookedfence-7aea9
[debug] [2026-01-04T15:15:14.374Z] >>> [apiv2][body] POST https://cloudresourcemanager.googleapis.com/v1/projects/thecrookedfence-7aea9:testIamPermissions {"permissions":["cloudfunctions.functions.create","cloudfunctions.functions.delete","cloudfunctions.functions.get","cloudfunctions.functions.list","cloudfunctions.functions.update","cloudfunctions.operations.get","firebase.projects.get","firebasehosting.sites.update"]}
